<?xml version="1.0" encoding="UTF-8"?>
<!-- Generated by org.testng.reporters.JUnitReportReporter -->
<testsuite hostname="DESKTOP-CDUBU3U" failures="0" tests="2" name="testCases.TC002_Hometest" time="17.416" errors="0" timestamp="2024-08-20T12:49:07 IST" skipped="0">
  <testcase classname="testCases.TC002_Hometest" name="logintestVerification" time="8.422"/>
  <testcase classname="testCases.TC002_Hometest" name="testHomeNavigation" time="8.994"/>
</testsuite> <!-- testCases.TC002_Hometest -->
