<?xml version="1.0" encoding="UTF-8"?>
<!-- Generated by org.testng.reporters.JUnitReportReporter -->
<testsuite hostname="DESKTOP-CDUBU3U" failures="0" tests="2" name="testCases.TC002_Hometest" time="15.810" errors="0" timestamp="2024-08-20T19:49:48 IST" skipped="0">
  <testcase classname="testCases.TC002_Hometest" name="logintestVerification" time="7.498"/>
  <testcase classname="testCases.TC002_Hometest" name="testHomeNavigation" time="8.312"/>
</testsuite> <!-- testCases.TC002_Hometest -->
